Using pre-set license
Built from '2020.3/release' branch; Version is '2020.3.7f1 (dd97f2c94397) revision 14522354'; Using compiler version '192528614'; Build Type 'Release'
OS: 'Windows 10 Pro; OS build 19042.985; Version 2009; 64bit' Language: 'ru' Physical Memory: 16318 MB
BatchMode: 1, IsHumanControllingUs: 0, StartBugReporterOnCrash: 0, Is64bit: 1, IsPro: 0

 COMMAND LINE ARGUMENTS:
C:\Program Files\Unity\Hub\Editor\2020.3.7f1\Editor\Unity.exe
-adb2
-batchMode
-noUpm
-name
AssetImportWorker0
-projectPath
D:/Unity/Projects/RoBattle
-logFile
Logs/AssetImportWorker0.log
-srvPort
51914
Successfully changed project path to: D:/Unity/Projects/RoBattle
D:/Unity/Projects/RoBattle
Using Asset Import Pipeline V2.
Refreshing native plugins compatible for Editor in 33.30 ms, found 1 plugins.
Preloading 0 native plugins for Editor in 0.00 ms.
Initialize engine version: 2020.3.7f1 (dd97f2c94397)
[Subsystems] Discovering subsystems at path C:/Program Files/Unity/Hub/Editor/2020.3.7f1/Editor/Data/Resources/UnitySubsystems
[Subsystems] Discovering subsystems at path D:/Unity/Projects/RoBattle/Assets
GfxDevice: creating device client; threaded=0
Direct3D:
    Version:  Direct3D 11.0 [level 11.1]
    Renderer: Radeon RX 590 Series (ID=0x67df)
    Vendor:   
    VRAM:     8171 MB
    Driver:   27.20.14535.3005
Initialize mono
Mono path[0] = 'C:/Program Files/Unity/Hub/Editor/2020.3.7f1/Editor/Data/Managed'
Mono path[1] = 'C:/Program Files/Unity/Hub/Editor/2020.3.7f1/Editor/Data/MonoBleedingEdge/lib/mono/unityjit'
Mono config path = 'C:/Program Files/Unity/Hub/Editor/2020.3.7f1/Editor/Data/MonoBleedingEdge/etc'
Using monoOptions --debugger-agent=transport=dt_socket,embedding=1,server=y,suspend=n,address=127.0.0.1:56436
Begin MonoManager ReloadAssembly
Registering precompiled unity dll's ...
Register platform support module: C:/Program Files/Unity/Hub/Editor/2020.3.7f1/Editor/Data/PlaybackEngines/WindowsStandaloneSupport/UnityEditor.WindowsStandalone.Extensions.dll
Registered in 0.001693 seconds.
Native extension for WindowsStandalone target not found
Refreshing native plugins compatible for Editor in 34.24 ms, found 1 plugins.
Preloading 0 native plugins for Editor in 0.00 ms.
Mono: successfully reloaded assembly
- Completed reload, in  1.436 seconds
Platform modules already initialized, skipping
Registering precompiled user dll's ...
Registered in 0.000475 seconds.
Begin MonoManager ReloadAssembly
Native extension for WindowsStandalone target not found
Refreshing native plugins compatible for Editor in 35.05 ms, found 1 plugins.
Preloading 0 native plugins for Editor in 0.00 ms.
Mono: successfully reloaded assembly
- Completed reload, in  0.793 seconds
Platform modules already initialized, skipping
========================================================================
Worker process is ready to serve import requests
Launched and connected shader compiler UnityShaderCompiler.exe after 0.04 seconds
Refreshing native plugins compatible for Editor in 0.40 ms, found 1 plugins.
Preloading 0 native plugins for Editor in 0.00 ms.
Unloading 2122 Unused Serialized files (Serialized files now loaded: 0)
System memory in use before: 96.0 MB.
System memory in use after: 96.1 MB.

Unloading 21 unused Assets to reduce memory usage. Loaded Objects now: 2572.
Total: 1.887100 ms (FindLiveObjects: 0.230500 ms CreateObjectMapping: 0.059400 ms MarkObjects: 1.546900 ms  DeleteObjects: 0.049300 ms)

========================================================================
Received Import Request.
  path: Assets/Sprites/Boss
  artifactKey: Guid(e1ae3fa34f6c6794cb395ef0dd4f20ed) Importer(815301076,1909f56bfc062723c751e8b465ee728b)
Start importing Assets/Sprites/Boss using Guid(e1ae3fa34f6c6794cb395ef0dd4f20ed) Importer(815301076,1909f56bfc062723c751e8b465ee728b)  -> (artifact id: 'da25f8c5887e7d7a3a517c26bf9971ca') in 0.005368 seconds
  Import took 0.008192 seconds .

========================================================================
Received Import Request.
  Time since last request: 15.269383 seconds.
  path: Assets/Sprites/Boss/Boss_0.png
  artifactKey: Guid(07618a13708f72b41ab81f7956834c64) Importer(815301076,1909f56bfc062723c751e8b465ee728b)
Start importing Assets/Sprites/Boss/Boss_0.png using Guid(07618a13708f72b41ab81f7956834c64) Importer(815301076,1909f56bfc062723c751e8b465ee728b)  -> (artifact id: '8d2704ee6e84749759a55654ba39aafa') in 0.122663 seconds
  Import took 0.125662 seconds .

========================================================================
Received Import Request.
  Time since last request: 0.000127 seconds.
  path: Assets/Sprites/Boss/Boss_1.png
  artifactKey: Guid(30cd0d1a6d446ca4b9cfe1af1596b5a3) Importer(815301076,1909f56bfc062723c751e8b465ee728b)
Start importing Assets/Sprites/Boss/Boss_1.png using Guid(30cd0d1a6d446ca4b9cfe1af1596b5a3) Importer(815301076,1909f56bfc062723c751e8b465ee728b)  -> (artifact id: '5890b4a491736b974f95998026d6f005') in 0.024091 seconds
  Import took 0.026876 seconds .

========================================================================
Received Import Request.
  Time since last request: 0.000146 seconds.
  path: Assets/Sprites/Boss/Boss_5.png
  artifactKey: Guid(38c8321b39c9535449cd3539ebdf935f) Importer(815301076,1909f56bfc062723c751e8b465ee728b)
Start importing Assets/Sprites/Boss/Boss_5.png using Guid(38c8321b39c9535449cd3539ebdf935f) Importer(815301076,1909f56bfc062723c751e8b465ee728b)  -> (artifact id: 'c0597b5a4b258fe9fcf5d3499a329120') in 0.018140 seconds
  Import took 0.021040 seconds .

========================================================================
Received Import Request.
  Time since last request: 0.000143 seconds.
  path: Assets/Sprites/Boss/Boss_7.png
  artifactKey: Guid(aa9bf41a5c845d6499a05d2886f6fb73) Importer(815301076,1909f56bfc062723c751e8b465ee728b)
Start importing Assets/Sprites/Boss/Boss_7.png using Guid(aa9bf41a5c845d6499a05d2886f6fb73) Importer(815301076,1909f56bfc062723c751e8b465ee728b)  -> (artifact id: 'ff49604b00cccd95c1934f52fbfacf18') in 0.018568 seconds
  Import took 0.021832 seconds .

========================================================================
Received Import Request.
  Time since last request: 0.000155 seconds.
  path: Assets/Sprites/Boss/Boss_3.png
  artifactKey: Guid(87194f28fa74b8b46b4a5858c1ce92c9) Importer(815301076,1909f56bfc062723c751e8b465ee728b)
Start importing Assets/Sprites/Boss/Boss_3.png using Guid(87194f28fa74b8b46b4a5858c1ce92c9) Importer(815301076,1909f56bfc062723c751e8b465ee728b)  -> (artifact id: 'ed461afe78180f874fe668310b0ee130') in 0.018166 seconds
  Import took 0.021073 seconds .

========================================================================
Received Import Request.
  Time since last request: 0.000129 seconds.
  path: Assets/Sprites/Boss/Boss_2.png
  artifactKey: Guid(4c26d01d8a83c384f9ec191f2bbaba67) Importer(815301076,1909f56bfc062723c751e8b465ee728b)
Start importing Assets/Sprites/Boss/Boss_2.png using Guid(4c26d01d8a83c384f9ec191f2bbaba67) Importer(815301076,1909f56bfc062723c751e8b465ee728b)  -> (artifact id: 'f820fc977c7f90d19eb7f9f2d67bcb61') in 0.019183 seconds
  Import took 0.022078 seconds .

========================================================================
Received Import Request.
  Time since last request: 0.000127 seconds.
  path: Assets/Sprites/Boss/Boss_6.png
  artifactKey: Guid(bdef850854ae91f49ba4c0e51441a1f9) Importer(815301076,1909f56bfc062723c751e8b465ee728b)
Start importing Assets/Sprites/Boss/Boss_6.png using Guid(bdef850854ae91f49ba4c0e51441a1f9) Importer(815301076,1909f56bfc062723c751e8b465ee728b)  -> (artifact id: '815b862874397d0f37e58d91bfa35e9e') in 0.018873 seconds
  Import took 0.029978 seconds .

========================================================================
Received Import Request.
  Time since last request: 0.000125 seconds.
  path: Assets/Sprites/Boss/Boss_4.png
  artifactKey: Guid(0e471ee065af3cb4e94cbc819645d1a1) Importer(815301076,1909f56bfc062723c751e8b465ee728b)
Start importing Assets/Sprites/Boss/Boss_4.png using Guid(0e471ee065af3cb4e94cbc819645d1a1) Importer(815301076,1909f56bfc062723c751e8b465ee728b)  -> (artifact id: '0cb3fb17944221333a6bb0d84ec1725e') in 0.018857 seconds
  Import took 0.021727 seconds .

========================================================================
Received Import Request.
  Time since last request: 0.001524 seconds.
  path: Assets/Sprites/Boss/Boss_4.png
  artifactKey: Guid(0e471ee065af3cb4e94cbc819645d1a1) Importer(815301076,1909f56bfc062723c751e8b465ee728b)
Start importing Assets/Sprites/Boss/Boss_4.png using Guid(0e471ee065af3cb4e94cbc819645d1a1) Importer(815301076,1909f56bfc062723c751e8b465ee728b)  -> (artifact id: '0cb3fb17944221333a6bb0d84ec1725e') in 0.016374 seconds
  Import took 0.019402 seconds .

========================================================================
Received Import Request.
  Time since last request: 9.045600 seconds.
  path: Assets/Scenes/Level_0.unity
  artifactKey: Guid(2cda990e2423bbf4892e6590ba056729) Importer(815301076,1909f56bfc062723c751e8b465ee728b)
Start importing Assets/Scenes/Level_0.unity using Guid(2cda990e2423bbf4892e6590ba056729) Importer(815301076,1909f56bfc062723c751e8b465ee728b)  -> (artifact id: 'c8d2f427aac502bde6b0deecc19ebe00') in 0.003366 seconds
  Import took 0.006300 seconds .

========================================================================
Received Import Request.
  Time since last request: 33.677187 seconds.
  path: Assets/Sprites/Boss/Boss_0.png
  artifactKey: Guid(07618a13708f72b41ab81f7956834c64) Importer(815301076,1909f56bfc062723c751e8b465ee728b)
Start importing Assets/Sprites/Boss/Boss_0.png using Guid(07618a13708f72b41ab81f7956834c64) Importer(815301076,1909f56bfc062723c751e8b465ee728b)  -> (artifact id: '86ef8549beaa351249c4d6a3eda3f2e5') in 0.022977 seconds
  Import took 0.026351 seconds .

========================================================================
Received Import Request.
  Time since last request: 0.000128 seconds.
  path: Assets/Sprites/Boss/Boss_1.png
  artifactKey: Guid(30cd0d1a6d446ca4b9cfe1af1596b5a3) Importer(815301076,1909f56bfc062723c751e8b465ee728b)
Start importing Assets/Sprites/Boss/Boss_1.png using Guid(30cd0d1a6d446ca4b9cfe1af1596b5a3) Importer(815301076,1909f56bfc062723c751e8b465ee728b)  -> (artifact id: '33880c4dedcf3bbc596aed21d8c0b9f8') in 0.015584 seconds
  Import took 0.024970 seconds .

========================================================================
Received Import Request.
  Time since last request: 0.000145 seconds.
  path: Assets/Sprites/Boss/Boss_5.png
  artifactKey: Guid(38c8321b39c9535449cd3539ebdf935f) Importer(815301076,1909f56bfc062723c751e8b465ee728b)
Start importing Assets/Sprites/Boss/Boss_5.png using Guid(38c8321b39c9535449cd3539ebdf935f) Importer(815301076,1909f56bfc062723c751e8b465ee728b)  -> (artifact id: 'fcbaa22442925055d541a0698d681783') in 0.020321 seconds
  Import took 0.023351 seconds .

========================================================================
Received Import Request.
  Time since last request: 0.000138 seconds.
  path: Assets/Sprites/Boss/Boss_7.png
  artifactKey: Guid(aa9bf41a5c845d6499a05d2886f6fb73) Importer(815301076,1909f56bfc062723c751e8b465ee728b)
Start importing Assets/Sprites/Boss/Boss_7.png using Guid(aa9bf41a5c845d6499a05d2886f6fb73) Importer(815301076,1909f56bfc062723c751e8b465ee728b)  -> (artifact id: '0cdfaf8a70f7f7d971c05700c6b6c456') in 0.019542 seconds
  Import took 0.022858 seconds .

========================================================================
Received Import Request.
  Time since last request: 0.000132 seconds.
  path: Assets/Sprites/Boss/Boss_3.png
  artifactKey: Guid(87194f28fa74b8b46b4a5858c1ce92c9) Importer(815301076,1909f56bfc062723c751e8b465ee728b)
Start importing Assets/Sprites/Boss/Boss_3.png using Guid(87194f28fa74b8b46b4a5858c1ce92c9) Importer(815301076,1909f56bfc062723c751e8b465ee728b)  -> (artifact id: 'b713709dd8a87c3b630431a030396777') in 0.019103 seconds
  Import took 0.022268 seconds .

========================================================================
Received Import Request.
  Time since last request: 0.000133 seconds.
  path: Assets/Sprites/Boss/Boss_2.png
  artifactKey: Guid(4c26d01d8a83c384f9ec191f2bbaba67) Importer(815301076,1909f56bfc062723c751e8b465ee728b)
Start importing Assets/Sprites/Boss/Boss_2.png using Guid(4c26d01d8a83c384f9ec191f2bbaba67) Importer(815301076,1909f56bfc062723c751e8b465ee728b)  -> (artifact id: 'd09e8946a41e6d3f8ed374e2704aad5f') in 0.018904 seconds
  Import took 0.022101 seconds .

========================================================================
Received Import Request.
  Time since last request: 0.000123 seconds.
  path: Assets/Sprites/Boss/Boss_6.png
  artifactKey: Guid(bdef850854ae91f49ba4c0e51441a1f9) Importer(815301076,1909f56bfc062723c751e8b465ee728b)
Start importing Assets/Sprites/Boss/Boss_6.png using Guid(bdef850854ae91f49ba4c0e51441a1f9) Importer(815301076,1909f56bfc062723c751e8b465ee728b)  -> (artifact id: '83f428123380eeb0503981bde863288e') in 0.020859 seconds
  Import took 0.023922 seconds .

========================================================================
Received Import Request.
  Time since last request: 0.000157 seconds.
  path: Assets/Sprites/Boss/Boss_4.png
  artifactKey: Guid(0e471ee065af3cb4e94cbc819645d1a1) Importer(815301076,1909f56bfc062723c751e8b465ee728b)
Start importing Assets/Sprites/Boss/Boss_4.png using Guid(0e471ee065af3cb4e94cbc819645d1a1) Importer(815301076,1909f56bfc062723c751e8b465ee728b)  -> (artifact id: '258d6ce0b98b8669dff0a5a6e0929c98') in 0.021043 seconds
  Import took 0.024070 seconds .

========================================================================
Received Import Request.
  Time since last request: 24.399166 seconds.
  path: Assets/Sprites/Boss/Boss_0.png
  artifactKey: Guid(07618a13708f72b41ab81f7956834c64) Importer(815301076,1909f56bfc062723c751e8b465ee728b)
Start importing Assets/Sprites/Boss/Boss_0.png using Guid(07618a13708f72b41ab81f7956834c64) Importer(815301076,1909f56bfc062723c751e8b465ee728b)  -> (artifact id: 'c4a41dbcc9177745359013f6cf7a8d95') in 0.018835 seconds
  Import took 0.022505 seconds .

========================================================================
Received Import Request.
  Time since last request: 0.000123 seconds.
  path: Assets/Sprites/Boss/Boss_1.png
  artifactKey: Guid(30cd0d1a6d446ca4b9cfe1af1596b5a3) Importer(815301076,1909f56bfc062723c751e8b465ee728b)
Start importing Assets/Sprites/Boss/Boss_1.png using Guid(30cd0d1a6d446ca4b9cfe1af1596b5a3) Importer(815301076,1909f56bfc062723c751e8b465ee728b)  -> (artifact id: '3253a0e2a54a16f291d48fa1f54048de') in 0.018069 seconds
  Import took 0.021988 seconds .

========================================================================
Received Import Request.
  Time since last request: 0.000134 seconds.
  path: Assets/Sprites/Boss/Boss_5.png
  artifactKey: Guid(38c8321b39c9535449cd3539ebdf935f) Importer(815301076,1909f56bfc062723c751e8b465ee728b)
Start importing Assets/Sprites/Boss/Boss_5.png using Guid(38c8321b39c9535449cd3539ebdf935f) Importer(815301076,1909f56bfc062723c751e8b465ee728b)  -> (artifact id: 'b8ad5e5bdc0f4b53c867d01cd357c84a') in 0.018411 seconds
  Import took 0.021801 seconds .

========================================================================
Received Import Request.
  Time since last request: 0.000153 seconds.
  path: Assets/Sprites/Boss/Boss_7.png
  artifactKey: Guid(aa9bf41a5c845d6499a05d2886f6fb73) Importer(815301076,1909f56bfc062723c751e8b465ee728b)
Start importing Assets/Sprites/Boss/Boss_7.png using Guid(aa9bf41a5c845d6499a05d2886f6fb73) Importer(815301076,1909f56bfc062723c751e8b465ee728b)  -> (artifact id: '4e92242f3353eab39e89ef10cf321659') in 0.015646 seconds
  Import took 0.018960 seconds .

========================================================================
Received Import Request.
  Time since last request: 0.000143 seconds.
  path: Assets/Sprites/Boss/Boss_3.png
  artifactKey: Guid(87194f28fa74b8b46b4a5858c1ce92c9) Importer(815301076,1909f56bfc062723c751e8b465ee728b)
Start importing Assets/Sprites/Boss/Boss_3.png using Guid(87194f28fa74b8b46b4a5858c1ce92c9) Importer(815301076,1909f56bfc062723c751e8b465ee728b)  -> (artifact id: '7861eee3034af28c9676b76a4b919159') in 0.035131 seconds
  Import took 0.038896 seconds .

========================================================================
Received Import Request.
  Time since last request: 0.000127 seconds.
  path: Assets/Sprites/Boss/Boss_2.png
  artifactKey: Guid(4c26d01d8a83c384f9ec191f2bbaba67) Importer(815301076,1909f56bfc062723c751e8b465ee728b)
Start importing Assets/Sprites/Boss/Boss_2.png using Guid(4c26d01d8a83c384f9ec191f2bbaba67) Importer(815301076,1909f56bfc062723c751e8b465ee728b)  -> (artifact id: 'b1df11ead2f3b2bff4932915eb6fdcba') in 0.017788 seconds
  Import took 0.020984 seconds .

========================================================================
Received Import Request.
  Time since last request: 0.000151 seconds.
  path: Assets/Sprites/Boss/Boss_6.png
  artifactKey: Guid(bdef850854ae91f49ba4c0e51441a1f9) Importer(815301076,1909f56bfc062723c751e8b465ee728b)
Start importing Assets/Sprites/Boss/Boss_6.png using Guid(bdef850854ae91f49ba4c0e51441a1f9) Importer(815301076,1909f56bfc062723c751e8b465ee728b)  -> (artifact id: '31ec6481b32bba1d0f2db10e6932ebcd') in 0.016815 seconds
  Import took 0.020342 seconds .

========================================================================
Received Import Request.
  Time since last request: 0.000138 seconds.
  path: Assets/Sprites/Boss/Boss_4.png
  artifactKey: Guid(0e471ee065af3cb4e94cbc819645d1a1) Importer(815301076,1909f56bfc062723c751e8b465ee728b)
Start importing Assets/Sprites/Boss/Boss_4.png using Guid(0e471ee065af3cb4e94cbc819645d1a1) Importer(815301076,1909f56bfc062723c751e8b465ee728b)  -> (artifact id: '6e431d45fe0d7abe6d62ee26b9bb9a0d') in 0.018946 seconds
  Import took 0.022067 seconds .

========================================================================
Received Import Request.
  Time since last request: 117.592618 seconds.
  path: Assets/Scripts/BossHeadController.cs
  artifactKey: Guid(7bb4f487e9b3dd648a220b1d91cf3633) Importer(815301076,1909f56bfc062723c751e8b465ee728b)
Start importing Assets/Scripts/BossHeadController.cs using Guid(7bb4f487e9b3dd648a220b1d91cf3633) Importer(815301076,1909f56bfc062723c751e8b465ee728b)  -> (artifact id: '3d81f1db4f00cdafed9f49f11944998f') in 0.010805 seconds
  Import took 0.013825 seconds .

========================================================================
Received Import Request.
  Time since last request: 0.001169 seconds.
  path: Assets/Scripts/BossHeadController.cs
  artifactKey: Guid(7bb4f487e9b3dd648a220b1d91cf3633) Importer(815301076,1909f56bfc062723c751e8b465ee728b)
Start importing Assets/Scripts/BossHeadController.cs using Guid(7bb4f487e9b3dd648a220b1d91cf3633) Importer(815301076,1909f56bfc062723c751e8b465ee728b)  -> (artifact id: '3d81f1db4f00cdafed9f49f11944998f') in 0.002869 seconds
  Import took 0.005829 seconds .

========================================================================
Received Prepare
Registering precompiled user dll's ...
Registered in 0.000683 seconds.
Begin MonoManager ReloadAssembly
Native extension for WindowsStandalone target not found
Refreshing native plugins compatible for Editor in 0.39 ms, found 1 plugins.
Preloading 0 native plugins for Editor in 0.00 ms.
Mono: successfully reloaded assembly
- Completed reload, in  0.738 seconds
Platform modules already initialized, skipping
Refreshing native plugins compatible for Editor in 0.30 ms, found 1 plugins.
Preloading 0 native plugins for Editor in 0.00 ms.
Unloading 2112 Unused Serialized files (Serialized files now loaded: 0)
System memory in use before: 98.5 MB.
System memory in use after: 98.7 MB.

Unloading 7 unused Assets to reduce memory usage. Loaded Objects now: 2582.
Total: 2.009400 ms (FindLiveObjects: 0.207400 ms CreateObjectMapping: 0.047400 ms MarkObjects: 1.741200 ms  DeleteObjects: 0.012200 ms)

========================================================================
Received Prepare
Registering precompiled user dll's ...
Registered in 0.000745 seconds.
Begin MonoManager ReloadAssembly
Native extension for WindowsStandalone target not found
Refreshing native plugins compatible for Editor in 0.39 ms, found 1 plugins.
Preloading 0 native plugins for Editor in 0.00 ms.
Mono: successfully reloaded assembly
- Completed reload, in  0.744 seconds
Platform modules already initialized, skipping
Refreshing native plugins compatible for Editor in 0.37 ms, found 1 plugins.
Preloading 0 native plugins for Editor in 0.00 ms.
Unloading 2112 Unused Serialized files (Serialized files now loaded: 0)
System memory in use before: 98.6 MB.
System memory in use after: 98.7 MB.

Unloading 7 unused Assets to reduce memory usage. Loaded Objects now: 2586.
Total: 2.232900 ms (FindLiveObjects: 0.287100 ms CreateObjectMapping: 0.054200 ms MarkObjects: 1.874000 ms  DeleteObjects: 0.016400 ms)

========================================================================
Received Prepare
Registering precompiled user dll's ...
Registered in 0.000737 seconds.
Begin MonoManager ReloadAssembly
Native extension for WindowsStandalone target not found
Refreshing native plugins compatible for Editor in 0.39 ms, found 1 plugins.
Preloading 0 native plugins for Editor in 0.00 ms.
Mono: successfully reloaded assembly
- Completed reload, in  0.720 seconds
Platform modules already initialized, skipping
Refreshing native plugins compatible for Editor in 0.37 ms, found 1 plugins.
Preloading 0 native plugins for Editor in 0.00 ms.
Unloading 2112 Unused Serialized files (Serialized files now loaded: 0)
System memory in use before: 98.6 MB.
System memory in use after: 98.7 MB.

Unloading 7 unused Assets to reduce memory usage. Loaded Objects now: 2590.
Total: 1.973300 ms (FindLiveObjects: 0.203500 ms CreateObjectMapping: 0.047300 ms MarkObjects: 1.707300 ms  DeleteObjects: 0.014100 ms)

========================================================================
Received Prepare
Registering precompiled user dll's ...
Registered in 0.000744 seconds.
Begin MonoManager ReloadAssembly
Native extension for WindowsStandalone target not found
Refreshing native plugins compatible for Editor in 0.42 ms, found 1 plugins.
Preloading 0 native plugins for Editor in 0.00 ms.
Mono: successfully reloaded assembly
- Completed reload, in  0.760 seconds
Platform modules already initialized, skipping
Refreshing native plugins compatible for Editor in 0.40 ms, found 1 plugins.
Preloading 0 native plugins for Editor in 0.00 ms.
Unloading 2112 Unused Serialized files (Serialized files now loaded: 0)
System memory in use before: 98.6 MB.
System memory in use after: 98.7 MB.

Unloading 7 unused Assets to reduce memory usage. Loaded Objects now: 2594.
Total: 1.805100 ms (FindLiveObjects: 0.237900 ms CreateObjectMapping: 0.047200 ms MarkObjects: 1.507100 ms  DeleteObjects: 0.012100 ms)

========================================================================
Received Prepare
Registering precompiled user dll's ...
Registered in 0.000637 seconds.
Begin MonoManager ReloadAssembly
Native extension for WindowsStandalone target not found
Refreshing native plugins compatible for Editor in 0.41 ms, found 1 plugins.
Preloading 0 native plugins for Editor in 0.00 ms.
Mono: successfully reloaded assembly
- Completed reload, in  0.733 seconds
Platform modules already initialized, skipping
Refreshing native plugins compatible for Editor in 0.25 ms, found 1 plugins.
Preloading 0 native plugins for Editor in 0.00 ms.
Unloading 2112 Unused Serialized files (Serialized files now loaded: 0)
System memory in use before: 98.6 MB.
System memory in use after: 98.8 MB.

Unloading 7 unused Assets to reduce memory usage. Loaded Objects now: 2598.
Total: 2.095700 ms (FindLiveObjects: 0.216200 ms CreateObjectMapping: 0.054800 ms MarkObjects: 1.811900 ms  DeleteObjects: 0.011500 ms)

========================================================================
Received Import Request.
  Time since last request: 305.675944 seconds.
  path: Assets/Animations
  artifactKey: Guid(6c4ccda135755c04589b0d48597107af) Importer(815301076,1909f56bfc062723c751e8b465ee728b)
Start importing Assets/Animations using Guid(6c4ccda135755c04589b0d48597107af) Importer(815301076,1909f56bfc062723c751e8b465ee728b)  -> (artifact id: 'b78c820b77aff4dd3098da1f2ae12c93') in 0.004281 seconds
  Import took 0.007285 seconds .

========================================================================
Received Prepare
Registering precompiled user dll's ...
Registered in 0.006999 seconds.
Begin MonoManager ReloadAssembly
Native extension for WindowsStandalone target not found
Refreshing native plugins compatible for Editor in 0.42 ms, found 1 plugins.
Preloading 0 native plugins for Editor in 0.00 ms.
Mono: successfully reloaded assembly
- Completed reload, in  0.792 seconds
Platform modules already initialized, skipping
Refreshing native plugins compatible for Editor in 0.39 ms, found 1 plugins.
Preloading 0 native plugins for Editor in 0.00 ms.
Unloading 2112 Unused Serialized files (Serialized files now loaded: 0)
System memory in use before: 98.6 MB.
System memory in use after: 98.8 MB.

Unloading 7 unused Assets to reduce memory usage. Loaded Objects now: 2602.
Total: 1.861900 ms (FindLiveObjects: 0.267500 ms CreateObjectMapping: 0.048000 ms MarkObjects: 1.534000 ms  DeleteObjects: 0.011400 ms)

========================================================================
Received Prepare
Registering precompiled user dll's ...
Registered in 0.000765 seconds.
Begin MonoManager ReloadAssembly
Native extension for WindowsStandalone target not found
Refreshing native plugins compatible for Editor in 0.40 ms, found 1 plugins.
Preloading 0 native plugins for Editor in 0.00 ms.
Mono: successfully reloaded assembly
- Completed reload, in  0.759 seconds
Platform modules already initialized, skipping
Refreshing native plugins compatible for Editor in 0.41 ms, found 1 plugins.
Preloading 0 native plugins for Editor in 0.00 ms.
Unloading 2112 Unused Serialized files (Serialized files now loaded: 0)
System memory in use before: 98.7 MB.
System memory in use after: 98.8 MB.

Unloading 7 unused Assets to reduce memory usage. Loaded Objects now: 2606.
Total: 1.840900 ms (FindLiveObjects: 0.223800 ms CreateObjectMapping: 0.055000 ms MarkObjects: 1.547500 ms  DeleteObjects: 0.013700 ms)

========================================================================
Received Prepare
Registering precompiled user dll's ...
Registered in 0.000607 seconds.
Begin MonoManager ReloadAssembly
Native extension for WindowsStandalone target not found
Refreshing native plugins compatible for Editor in 0.44 ms, found 1 plugins.
Preloading 0 native plugins for Editor in 0.00 ms.
Mono: successfully reloaded assembly
- Completed reload, in  0.693 seconds
Platform modules already initialized, skipping
Refreshing native plugins compatible for Editor in 0.40 ms, found 1 plugins.
Preloading 0 native plugins for Editor in 0.00 ms.
Unloading 2112 Unused Serialized files (Serialized files now loaded: 0)
System memory in use before: 98.7 MB.
System memory in use after: 98.8 MB.

Unloading 7 unused Assets to reduce memory usage. Loaded Objects now: 2610.
Total: 2.125300 ms (FindLiveObjects: 0.217500 ms CreateObjectMapping: 0.056500 ms MarkObjects: 1.836000 ms  DeleteObjects: 0.014300 ms)

========================================================================
Received Prepare
Registering precompiled user dll's ...
Registered in 0.000654 seconds.
Begin MonoManager ReloadAssembly
Native extension for WindowsStandalone target not found
Refreshing native plugins compatible for Editor in 0.38 ms, found 1 plugins.
Preloading 0 native plugins for Editor in 0.00 ms.
Mono: successfully reloaded assembly
- Completed reload, in  0.735 seconds
Platform modules already initialized, skipping
Refreshing native plugins compatible for Editor in 0.36 ms, found 1 plugins.
Preloading 0 native plugins for Editor in 0.00 ms.
Unloading 2112 Unused Serialized files (Serialized files now loaded: 0)
System memory in use before: 98.7 MB.
System memory in use after: 98.8 MB.

Unloading 7 unused Assets to reduce memory usage. Loaded Objects now: 2614.
Total: 2.150100 ms (FindLiveObjects: 0.198600 ms CreateObjectMapping: 0.045700 ms MarkObjects: 1.889100 ms  DeleteObjects: 0.015700 ms)

========================================================================
Received Import Request.
  Time since last request: 293.505866 seconds.
  path: Assets/Scripts/AttackAnimationController.cs
  artifactKey: Guid(8de782052d1f0c4419d0bfc1e20ad3dd) Importer(815301076,1909f56bfc062723c751e8b465ee728b)
Start importing Assets/Scripts/AttackAnimationController.cs using Guid(8de782052d1f0c4419d0bfc1e20ad3dd) Importer(815301076,1909f56bfc062723c751e8b465ee728b)  -> (artifact id: '3648d191c6f903abcd569cdc5ca51999') in 0.006019 seconds
  Import took 0.028251 seconds .

========================================================================
Received Import Request.
  Time since last request: 0.576879 seconds.
  path: Assets/Scripts/BackgroundController.cs
  artifactKey: Guid(b15b20250a4d182498ea8978b7d0a056) Importer(815301076,1909f56bfc062723c751e8b465ee728b)
Start importing Assets/Scripts/BackgroundController.cs using Guid(b15b20250a4d182498ea8978b7d0a056) Importer(815301076,1909f56bfc062723c751e8b465ee728b)  -> (artifact id: 'e2805cfb85db67f2bfc8cf2b259b8961') in 0.003334 seconds
  Import took 0.029111 seconds .

========================================================================
Received Import Request.
  Time since last request: 0.560147 seconds.
  path: Assets/Scripts/BossAttackController.cs
  artifactKey: Guid(51c898a3bdc393a42b5426a77c35a7b1) Importer(815301076,1909f56bfc062723c751e8b465ee728b)
Start importing Assets/Scripts/BossAttackController.cs using Guid(51c898a3bdc393a42b5426a77c35a7b1) Importer(815301076,1909f56bfc062723c751e8b465ee728b)  -> (artifact id: 'f9b73b38796fe6e8909f079b1e3c56fe') in 0.003461 seconds
  Import took 0.022227 seconds .

========================================================================
Received Import Request.
  Time since last request: 0.560754 seconds.
  path: Assets/Scripts/BossHeadController.cs
  artifactKey: Guid(7bb4f487e9b3dd648a220b1d91cf3633) Importer(815301076,1909f56bfc062723c751e8b465ee728b)
Start importing Assets/Scripts/BossHeadController.cs using Guid(7bb4f487e9b3dd648a220b1d91cf3633) Importer(815301076,1909f56bfc062723c751e8b465ee728b)  -> (artifact id: '59100ec8152d530a1303d4e4fee5e34d') in 0.005353 seconds
  Import took 0.008431 seconds .

========================================================================
Received Import Request.
  Time since last request: 0.001761 seconds.
  path: Assets/Scripts/BossHeadController.cs
  artifactKey: Guid(7bb4f487e9b3dd648a220b1d91cf3633) Importer(815301076,1909f56bfc062723c751e8b465ee728b)
Start importing Assets/Scripts/BossHeadController.cs using Guid(7bb4f487e9b3dd648a220b1d91cf3633) Importer(815301076,1909f56bfc062723c751e8b465ee728b)  -> (artifact id: '59100ec8152d530a1303d4e4fee5e34d') in 0.002968 seconds
  Import took 0.005591 seconds .

========================================================================
Received Import Request.
  Time since last request: 1.917004 seconds.
  path: Assets/Scripts/BulletController.cs
  artifactKey: Guid(67f22fd9a17471f4dae8e08214d1dd87) Importer(815301076,1909f56bfc062723c751e8b465ee728b)
Start importing Assets/Scripts/BulletController.cs using Guid(67f22fd9a17471f4dae8e08214d1dd87) Importer(815301076,1909f56bfc062723c751e8b465ee728b)  -> (artifact id: '8b3956f56818f689229d2d7178fc324b') in 0.003255 seconds
  Import took 0.006656 seconds .

========================================================================
Received Import Request.
  Time since last request: 0.000262 seconds.
  path: Assets/Scripts/BulletController.cs
  artifactKey: Guid(67f22fd9a17471f4dae8e08214d1dd87) Importer(815301076,1909f56bfc062723c751e8b465ee728b)
Start importing Assets/Scripts/BulletController.cs using Guid(67f22fd9a17471f4dae8e08214d1dd87) Importer(815301076,1909f56bfc062723c751e8b465ee728b)  -> (artifact id: '8b3956f56818f689229d2d7178fc324b') in 0.004869 seconds
  Import took 0.007398 seconds .

========================================================================
Received Import Request.
  Time since last request: 0.649266 seconds.
  path: Assets/Scripts/CameraController.cs
  artifactKey: Guid(d10ecd4ff8b08604197c876a09197c5f) Importer(815301076,1909f56bfc062723c751e8b465ee728b)
Start importing Assets/Scripts/CameraController.cs using Guid(d10ecd4ff8b08604197c876a09197c5f) Importer(815301076,1909f56bfc062723c751e8b465ee728b)  -> (artifact id: 'e21b41f93e69c7796247656f2a368e05') in 0.003252 seconds
  Import took 0.006350 seconds .

========================================================================
Received Import Request.
  Time since last request: 0.614514 seconds.
  path: Assets/Scripts/DeathTextComtroller.cs
  artifactKey: Guid(b6e34abf793e9d149a14dff31c978978) Importer(815301076,1909f56bfc062723c751e8b465ee728b)
Start importing Assets/Scripts/DeathTextComtroller.cs using Guid(b6e34abf793e9d149a14dff31c978978) Importer(815301076,1909f56bfc062723c751e8b465ee728b)  -> (artifact id: '3183dd03dd61e90921b97d517031b333') in 0.003155 seconds
  Import took 0.006051 seconds .

========================================================================
Received Import Request.
  Time since last request: 0.000254 seconds.
  path: Assets/Scripts/DeathTextComtroller.cs
  artifactKey: Guid(b6e34abf793e9d149a14dff31c978978) Importer(815301076,1909f56bfc062723c751e8b465ee728b)
Start importing Assets/Scripts/DeathTextComtroller.cs using Guid(b6e34abf793e9d149a14dff31c978978) Importer(815301076,1909f56bfc062723c751e8b465ee728b)  -> (artifact id: '3183dd03dd61e90921b97d517031b333') in 0.002947 seconds
  Import took 0.005559 seconds .

========================================================================
Received Import Request.
  Time since last request: 0.608009 seconds.
  path: Assets/Scripts/DeathTextController.cs
  artifactKey: Guid(2d39747390c735b418eac346035d64a7) Importer(815301076,1909f56bfc062723c751e8b465ee728b)
Start importing Assets/Scripts/DeathTextController.cs using Guid(2d39747390c735b418eac346035d64a7) Importer(815301076,1909f56bfc062723c751e8b465ee728b)  -> (artifact id: '342e961c4bfc6a4667b985d35f8ac567') in 0.003311 seconds
  Import took 0.006441 seconds .

========================================================================
Received Import Request.
  Time since last request: 0.000860 seconds.
  path: Assets/Scripts/DeathTextController.cs
  artifactKey: Guid(2d39747390c735b418eac346035d64a7) Importer(815301076,1909f56bfc062723c751e8b465ee728b)
Start importing Assets/Scripts/DeathTextController.cs using Guid(2d39747390c735b418eac346035d64a7) Importer(815301076,1909f56bfc062723c751e8b465ee728b)  -> (artifact id: '342e961c4bfc6a4667b985d35f8ac567') in 0.026312 seconds
  Import took 0.029047 seconds .

========================================================================
Received Import Request.
  Time since last request: 0.595424 seconds.
  path: Assets/Scripts/EnemyController.cs
  artifactKey: Guid(dafc8f84db4558b4895628209cfeffdc) Importer(815301076,1909f56bfc062723c751e8b465ee728b)
Start importing Assets/Scripts/EnemyController.cs using Guid(dafc8f84db4558b4895628209cfeffdc) Importer(815301076,1909f56bfc062723c751e8b465ee728b)  -> (artifact id: 'b5fa5ea9521a85181b47f4ea248c46a5') in 0.003609 seconds
  Import took 0.023975 seconds .

========================================================================
Received Import Request.
  Time since last request: 0.628435 seconds.
  path: Assets/Scripts/GameBackgroundController.cs
  artifactKey: Guid(22509ba60ac4c9744b91872baf0def80) Importer(815301076,1909f56bfc062723c751e8b465ee728b)
Start importing Assets/Scripts/GameBackgroundController.cs using Guid(22509ba60ac4c9744b91872baf0def80) Importer(815301076,1909f56bfc062723c751e8b465ee728b)  -> (artifact id: '7a8f009fe71f20d097163948ee940ab4') in 0.003110 seconds
  Import took 0.005810 seconds .

========================================================================
Received Import Request.
  Time since last request: 0.001091 seconds.
  path: Assets/Scripts/GameBackgroundController.cs
  artifactKey: Guid(22509ba60ac4c9744b91872baf0def80) Importer(815301076,1909f56bfc062723c751e8b465ee728b)
Start importing Assets/Scripts/GameBackgroundController.cs using Guid(22509ba60ac4c9744b91872baf0def80) Importer(815301076,1909f56bfc062723c751e8b465ee728b)  -> (artifact id: '7a8f009fe71f20d097163948ee940ab4') in 0.002958 seconds
  Import took 0.005449 seconds .

========================================================================
Received Import Request.
  Time since last request: 0.625764 seconds.
  path: Assets/Scripts/HPController.cs
  artifactKey: Guid(766be3fdcbf5fe843aadd50d4b0a9c9b) Importer(815301076,1909f56bfc062723c751e8b465ee728b)
Start importing Assets/Scripts/HPController.cs using Guid(766be3fdcbf5fe843aadd50d4b0a9c9b) Importer(815301076,1909f56bfc062723c751e8b465ee728b)  -> (artifact id: 'c7a67c4a9011edabdc81783b88f6bdff') in 0.003116 seconds
  Import took 0.024803 seconds .

========================================================================
Received Import Request.
  Time since last request: 0.641944 seconds.
  path: Assets/Scripts/LanguageController.cs
  artifactKey: Guid(84c9280da4a00524cbba2a3adc14e164) Importer(815301076,1909f56bfc062723c751e8b465ee728b)
Start importing Assets/Scripts/LanguageController.cs using Guid(84c9280da4a00524cbba2a3adc14e164) Importer(815301076,1909f56bfc062723c751e8b465ee728b)  -> (artifact id: 'c42c0d9fa77c40294f96f1f4662409be') in 0.005467 seconds
  Import took 0.030225 seconds .

========================================================================
Received Import Request.
  Time since last request: 0.585038 seconds.
  path: Assets/Scripts/LevelEndController.cs
  artifactKey: Guid(85b55aedcbf3fe042ac2e612c7de5955) Importer(815301076,1909f56bfc062723c751e8b465ee728b)
Start importing Assets/Scripts/LevelEndController.cs using Guid(85b55aedcbf3fe042ac2e612c7de5955) Importer(815301076,1909f56bfc062723c751e8b465ee728b)  -> (artifact id: '33c0a6ce0af76ce9533fab70b89ae3d8') in 0.003742 seconds
  Import took 0.006760 seconds .

========================================================================
Received Import Request.
  Time since last request: 0.001030 seconds.
  path: Assets/Scripts/LevelEndController.cs
  artifactKey: Guid(85b55aedcbf3fe042ac2e612c7de5955) Importer(815301076,1909f56bfc062723c751e8b465ee728b)
Start importing Assets/Scripts/LevelEndController.cs using Guid(85b55aedcbf3fe042ac2e612c7de5955) Importer(815301076,1909f56bfc062723c751e8b465ee728b)  -> (artifact id: '33c0a6ce0af76ce9533fab70b89ae3d8') in 0.003406 seconds
  Import took 0.006190 seconds .

========================================================================
Received Import Request.
  Time since last request: 0.616589 seconds.
  path: Assets/Scripts/MenuController.cs
  artifactKey: Guid(548f8979ddeece941b88d6e5db81fed9) Importer(815301076,1909f56bfc062723c751e8b465ee728b)
Start importing Assets/Scripts/MenuController.cs using Guid(548f8979ddeece941b88d6e5db81fed9) Importer(815301076,1909f56bfc062723c751e8b465ee728b)  -> (artifact id: 'a6d0022b7393b9ae911f365e4dcb1eb5') in 0.003407 seconds
  Import took 0.010615 seconds .

========================================================================
Received Import Request.
  Time since last request: 0.001184 seconds.
  path: Assets/Scripts/MenuController.cs
  artifactKey: Guid(548f8979ddeece941b88d6e5db81fed9) Importer(815301076,1909f56bfc062723c751e8b465ee728b)
Start importing Assets/Scripts/MenuController.cs using Guid(548f8979ddeece941b88d6e5db81fed9) Importer(815301076,1909f56bfc062723c751e8b465ee728b)  -> (artifact id: 'a6d0022b7393b9ae911f365e4dcb1eb5') in 0.003243 seconds
  Import took 0.006258 seconds .

========================================================================
Received Import Request.
  Time since last request: 0.617035 seconds.
  path: Assets/Scripts/MenuTextController.cs
  artifactKey: Guid(5a3f702be7848f1418c9f5500600f63c) Importer(815301076,1909f56bfc062723c751e8b465ee728b)
Start importing Assets/Scripts/MenuTextController.cs using Guid(5a3f702be7848f1418c9f5500600f63c) Importer(815301076,1909f56bfc062723c751e8b465ee728b)  -> (artifact id: '5df130561fa40feffb23337201ff249d') in 0.003153 seconds
  Import took 0.023488 seconds .

========================================================================
Received Import Request.
  Time since last request: 0.739055 seconds.
  path: Assets/Scripts/MusicController.cs
  artifactKey: Guid(30638867a053d0b45a6f86cb408a20e4) Importer(815301076,1909f56bfc062723c751e8b465ee728b)
Start importing Assets/Scripts/MusicController.cs using Guid(30638867a053d0b45a6f86cb408a20e4) Importer(815301076,1909f56bfc062723c751e8b465ee728b)  -> (artifact id: '3df52379a713e5cb4fce7dd49895676e') in 0.004225 seconds
  Import took 0.007374 seconds .

========================================================================
Received Import Request.
  Time since last request: 1.474605 seconds.
  path: Assets/Scripts/PlayerCombat.cs
  artifactKey: Guid(1420fc0d5ba782242b85270d384ee584) Importer(815301076,1909f56bfc062723c751e8b465ee728b)
Start importing Assets/Scripts/PlayerCombat.cs using Guid(1420fc0d5ba782242b85270d384ee584) Importer(815301076,1909f56bfc062723c751e8b465ee728b)  -> (artifact id: '5f1ea9a416f003670c28ef6f93f943a3') in 0.003122 seconds
  Import took 0.018727 seconds .

========================================================================
Received Prepare
Registering precompiled user dll's ...
Registered in 0.000788 seconds.
Begin MonoManager ReloadAssembly
Native extension for WindowsStandalone target not found
Refreshing native plugins compatible for Editor in 0.38 ms, found 1 plugins.
Preloading 0 native plugins for Editor in 0.00 ms.
Mono: successfully reloaded assembly
- Completed reload, in  0.722 seconds
Platform modules already initialized, skipping
Refreshing native plugins compatible for Editor in 0.32 ms, found 1 plugins.
Preloading 0 native plugins for Editor in 0.00 ms.
Unloading 2112 Unused Serialized files (Serialized files now loaded: 0)
System memory in use before: 98.7 MB.
System memory in use after: 98.8 MB.

Unloading 7 unused Assets to reduce memory usage. Loaded Objects now: 2618.
Total: 1.743900 ms (FindLiveObjects: 0.194800 ms CreateObjectMapping: 0.048000 ms MarkObjects: 1.489900 ms  DeleteObjects: 0.010700 ms)

========================================================================
Received Prepare
Registering precompiled user dll's ...
Registered in 0.000731 seconds.
Begin MonoManager ReloadAssembly
Native extension for WindowsStandalone target not found
Refreshing native plugins compatible for Editor in 0.38 ms, found 1 plugins.
Preloading 0 native plugins for Editor in 0.00 ms.
Mono: successfully reloaded assembly
- Completed reload, in  0.698 seconds
Platform modules already initialized, skipping
Refreshing native plugins compatible for Editor in 0.26 ms, found 1 plugins.
Preloading 0 native plugins for Editor in 0.00 ms.
Unloading 2112 Unused Serialized files (Serialized files now loaded: 0)
System memory in use before: 98.7 MB.
System memory in use after: 98.8 MB.

Unloading 7 unused Assets to reduce memory usage. Loaded Objects now: 2622.
Total: 2.196800 ms (FindLiveObjects: 0.272300 ms CreateObjectMapping: 0.056000 ms MarkObjects: 1.852800 ms  DeleteObjects: 0.014600 ms)

========================================================================
Received Import Request.
  Time since last request: 116.994578 seconds.
  path: Assets/Scripts/DeathTextComtroller.cs
  artifactKey: Guid(b6e34abf793e9d149a14dff31c978978) Importer(815301076,1909f56bfc062723c751e8b465ee728b)
Start importing Assets/Scripts/DeathTextComtroller.cs using Guid(b6e34abf793e9d149a14dff31c978978) Importer(815301076,1909f56bfc062723c751e8b465ee728b)  -> (artifact id: 'c637827e84dab38486a75620094b5df2') in 0.005655 seconds
  Import took 0.038191 seconds .

========================================================================
Received Prepare
Registering precompiled user dll's ...
Registered in 0.000701 seconds.
Begin MonoManager ReloadAssembly
Native extension for WindowsStandalone target not found
Refreshing native plugins compatible for Editor in 0.41 ms, found 1 plugins.
Preloading 0 native plugins for Editor in 0.00 ms.
Mono: successfully reloaded assembly
- Completed reload, in  0.738 seconds
Platform modules already initialized, skipping
Refreshing native plugins compatible for Editor in 0.21 ms, found 1 plugins.
Preloading 0 native plugins for Editor in 0.00 ms.
Unloading 2111 Unused Serialized files (Serialized files now loaded: 0)
System memory in use before: 98.7 MB.
System memory in use after: 98.8 MB.

Unloading 8 unused Assets to reduce memory usage. Loaded Objects now: 2625.
Total: 2.281500 ms (FindLiveObjects: 0.259200 ms CreateObjectMapping: 0.049200 ms MarkObjects: 1.952900 ms  DeleteObjects: 0.018500 ms)

========================================================================
Received Prepare
Registering precompiled user dll's ...
Registered in 0.000822 seconds.
Begin MonoManager ReloadAssembly
Native extension for WindowsStandalone target not found
Refreshing native plugins compatible for Editor in 0.39 ms, found 1 plugins.
Preloading 0 native plugins for Editor in 0.00 ms.
Mono: successfully reloaded assembly
- Completed reload, in  0.791 seconds
Platform modules already initialized, skipping
Refreshing native plugins compatible for Editor in 0.33 ms, found 1 plugins.
Preloading 0 native plugins for Editor in 0.00 ms.
Unloading 2111 Unused Serialized files (Serialized files now loaded: 0)
System memory in use before: 98.7 MB.
System memory in use after: 98.8 MB.

Unloading 7 unused Assets to reduce memory usage. Loaded Objects now: 2629.
Total: 2.157300 ms (FindLiveObjects: 0.201000 ms CreateObjectMapping: 0.045500 ms MarkObjects: 1.894300 ms  DeleteObjects: 0.015100 ms)

========================================================================
Received Prepare
Registering precompiled user dll's ...
Registered in 0.000744 seconds.
Begin MonoManager ReloadAssembly
Native extension for WindowsStandalone target not found
Refreshing native plugins compatible for Editor in 0.38 ms, found 1 plugins.
Preloading 0 native plugins for Editor in 0.00 ms.
Mono: successfully reloaded assembly
- Completed reload, in  0.722 seconds
Platform modules already initialized, skipping
Refreshing native plugins compatible for Editor in 0.23 ms, found 1 plugins.
Preloading 0 native plugins for Editor in 0.00 ms.
Unloading 2111 Unused Serialized files (Serialized files now loaded: 0)
System memory in use before: 98.7 MB.
System memory in use after: 98.8 MB.

Unloading 7 unused Assets to reduce memory usage. Loaded Objects now: 2633.
Total: 2.592300 ms (FindLiveObjects: 0.208100 ms CreateObjectMapping: 0.053800 ms MarkObjects: 2.310100 ms  DeleteObjects: 0.019100 ms)

========================================================================
Received Prepare
Refreshing native plugins compatible for Editor in 1.16 ms, found 1 plugins.
Preloading 0 native plugins for Editor in 0.00 ms.
Unloading 5 Unused Serialized files (Serialized files now loaded: 0)
System memory in use before: 57.1 MB.
System memory in use after: 57.2 MB.

Unloading 5 unused Assets to reduce memory usage. Loaded Objects now: 2633.
Total: 2.038200 ms (FindLiveObjects: 0.222400 ms CreateObjectMapping: 0.055700 ms MarkObjects: 1.749400 ms  DeleteObjects: 0.010000 ms)

AssetImportWorkerClient::OnTransportError - code=2 error=End of file
